c:\gdbsources\1000basetfirmware\1000basetfirmware\visualgdb\debug\croutine.o
c:\gdbsources\1000basetfirmware\1000basetfirmware\visualgdb\debug\event_groups.o
c:\gdbsources\1000basetfirmware\1000basetfirmware\visualgdb\debug\exceptionhandler.o
c:\gdbsources\1000basetfirmware\1000basetfirmware\visualgdb\debug\gpiopin.o
c:\gdbsources\1000basetfirmware\1000basetfirmware\visualgdb\debug\heap_2.o
c:\gdbsources\1000basetfirmware\1000basetfirmware\visualgdb\debug\helperfunctions.o
c:\gdbsources\1000basetfirmware\1000basetfirmware\visualgdb\debug\icommand.o
c:\gdbsources\1000basetfirmware\1000basetfirmware\visualgdb\debug\interpreter.o
c:\gdbsources\1000basetfirmware\1000basetfirmware\visualgdb\debug\list.o
c:\gdbsources\1000basetfirmware\1000basetfirmware\visualgdb\debug\main.o
c:\gdbsources\1000basetfirmware\1000basetfirmware\visualgdb\debug\port.o
c:\gdbsources\1000basetfirmware\1000basetfirmware\visualgdb\debug\queue.o
c:\gdbsources\1000basetfirmware\1000basetfirmware\visualgdb\debug\setport.o
c:\gdbsources\1000basetfirmware\1000basetfirmware\visualgdb\debug\startup_gcc.o
c:\gdbsources\1000basetfirmware\1000basetfirmware\visualgdb\debug\systeminit.o
c:\gdbsources\1000basetfirmware\1000basetfirmware\visualgdb\debug\taskobject.o
c:\gdbsources\1000basetfirmware\1000basetfirmware\visualgdb\debug\tasks.o
c:\gdbsources\1000basetfirmware\1000basetfirmware\visualgdb\debug\timers.o
c:\gdbsources\1000basetfirmware\1000basetfirmware\visualgdb\debug\croutine.dep
c:\gdbsources\1000basetfirmware\1000basetfirmware\visualgdb\debug\event_groups.dep
c:\gdbsources\1000basetfirmware\1000basetfirmware\visualgdb\debug\exceptionhandler.dep
c:\gdbsources\1000basetfirmware\1000basetfirmware\visualgdb\debug\gpiopin.dep
c:\gdbsources\1000basetfirmware\1000basetfirmware\visualgdb\debug\heap_2.dep
c:\gdbsources\1000basetfirmware\1000basetfirmware\visualgdb\debug\helperfunctions.dep
c:\gdbsources\1000basetfirmware\1000basetfirmware\visualgdb\debug\icommand.dep
c:\gdbsources\1000basetfirmware\1000basetfirmware\visualgdb\debug\interpreter.dep
c:\gdbsources\1000basetfirmware\1000basetfirmware\visualgdb\debug\list.dep
c:\gdbsources\1000basetfirmware\1000basetfirmware\visualgdb\debug\main.dep
c:\gdbsources\1000basetfirmware\1000basetfirmware\visualgdb\debug\port.dep
c:\gdbsources\1000basetfirmware\1000basetfirmware\visualgdb\debug\queue.dep
c:\gdbsources\1000basetfirmware\1000basetfirmware\visualgdb\debug\setport.dep
c:\gdbsources\1000basetfirmware\1000basetfirmware\visualgdb\debug\startup_gcc.dep
c:\gdbsources\1000basetfirmware\1000basetfirmware\visualgdb\debug\systeminit.dep
c:\gdbsources\1000basetfirmware\1000basetfirmware\visualgdb\debug\taskobject.dep
c:\gdbsources\1000basetfirmware\1000basetfirmware\visualgdb\debug\tasks.dep
c:\gdbsources\1000basetfirmware\1000basetfirmware\visualgdb\debug\timers.dep
c:\gdbsources\1000basetfirmware\1000basetfirmware\visualgdb\debug\croutine.gcc.rsp
c:\gdbsources\1000basetfirmware\1000basetfirmware\visualgdb\debug\event_groups.gcc.rsp
c:\gdbsources\1000basetfirmware\1000basetfirmware\visualgdb\debug\exceptionhandler.gcc.rsp
c:\gdbsources\1000basetfirmware\1000basetfirmware\visualgdb\debug\gpiopin.gcc.rsp
c:\gdbsources\1000basetfirmware\1000basetfirmware\visualgdb\debug\heap_2.gcc.rsp
c:\gdbsources\1000basetfirmware\1000basetfirmware\visualgdb\debug\helperfunctions.gcc.rsp
c:\gdbsources\1000basetfirmware\1000basetfirmware\visualgdb\debug\icommand.gcc.rsp
c:\gdbsources\1000basetfirmware\1000basetfirmware\visualgdb\debug\interpreter.gcc.rsp
c:\gdbsources\1000basetfirmware\1000basetfirmware\visualgdb\debug\list.gcc.rsp
c:\gdbsources\1000basetfirmware\1000basetfirmware\visualgdb\debug\main.gcc.rsp
c:\gdbsources\1000basetfirmware\1000basetfirmware\visualgdb\debug\port.gcc.rsp
c:\gdbsources\1000basetfirmware\1000basetfirmware\visualgdb\debug\queue.gcc.rsp
c:\gdbsources\1000basetfirmware\1000basetfirmware\visualgdb\debug\setport.gcc.rsp
c:\gdbsources\1000basetfirmware\1000basetfirmware\visualgdb\debug\startup_gcc.gcc.rsp
c:\gdbsources\1000basetfirmware\1000basetfirmware\visualgdb\debug\systeminit.gcc.rsp
c:\gdbsources\1000basetfirmware\1000basetfirmware\visualgdb\debug\taskobject.gcc.rsp
c:\gdbsources\1000basetfirmware\1000basetfirmware\visualgdb\debug\tasks.gcc.rsp
c:\gdbsources\1000basetfirmware\1000basetfirmware\visualgdb\debug\timers.gcc.rsp
c:\gdbsources\1000basetfirmware\1000basetfirmware\visualgdb\debug\1000basetfirmware.alldeps
