c:\gdbsources\misl1000basetfirmware\misl1000basetfirmware\visualgdb\debug\adc.o
c:\gdbsources\misl1000basetfirmware\misl1000basetfirmware\visualgdb\debug\aes.o
c:\gdbsources\misl1000basetfirmware\misl1000basetfirmware\visualgdb\debug\can.o
c:\gdbsources\misl1000basetfirmware\misl1000basetfirmware\visualgdb\debug\comp.o
c:\gdbsources\misl1000basetfirmware\misl1000basetfirmware\visualgdb\debug\cpu.o
c:\gdbsources\misl1000basetfirmware\misl1000basetfirmware\visualgdb\debug\crc.o
c:\gdbsources\misl1000basetfirmware\misl1000basetfirmware\visualgdb\debug\des.o
c:\gdbsources\misl1000basetfirmware\misl1000basetfirmware\visualgdb\debug\eeprom.o
c:\gdbsources\misl1000basetfirmware\misl1000basetfirmware\visualgdb\debug\emac.o
c:\gdbsources\misl1000basetfirmware\misl1000basetfirmware\visualgdb\debug\epi.o
c:\gdbsources\misl1000basetfirmware\misl1000basetfirmware\visualgdb\debug\flash.o
c:\gdbsources\misl1000basetfirmware\misl1000basetfirmware\visualgdb\debug\fpu.o
c:\gdbsources\misl1000basetfirmware\misl1000basetfirmware\visualgdb\debug\gpio.o
c:\gdbsources\misl1000basetfirmware\misl1000basetfirmware\visualgdb\debug\hibernate.o
c:\gdbsources\misl1000basetfirmware\misl1000basetfirmware\visualgdb\debug\i2c.o
c:\gdbsources\misl1000basetfirmware\misl1000basetfirmware\visualgdb\debug\icommand.o
c:\gdbsources\misl1000basetfirmware\misl1000basetfirmware\visualgdb\debug\interrupt.o
c:\gdbsources\misl1000basetfirmware\misl1000basetfirmware\visualgdb\debug\lcd.o
c:\gdbsources\misl1000basetfirmware\misl1000basetfirmware\visualgdb\debug\mpu.o
c:\gdbsources\misl1000basetfirmware\misl1000basetfirmware\visualgdb\debug\pwm.o
c:\gdbsources\misl1000basetfirmware\misl1000basetfirmware\visualgdb\debug\qei.o
c:\gdbsources\misl1000basetfirmware\misl1000basetfirmware\visualgdb\debug\setport.o
c:\gdbsources\misl1000basetfirmware\misl1000basetfirmware\visualgdb\debug\shamd5.o
c:\gdbsources\misl1000basetfirmware\misl1000basetfirmware\visualgdb\debug\ssi.o
c:\gdbsources\misl1000basetfirmware\misl1000basetfirmware\visualgdb\debug\sw_crc.o
c:\gdbsources\misl1000basetfirmware\misl1000basetfirmware\visualgdb\debug\sysctl.o
c:\gdbsources\misl1000basetfirmware\misl1000basetfirmware\visualgdb\debug\sysexc.o
c:\gdbsources\misl1000basetfirmware\misl1000basetfirmware\visualgdb\debug\systeminit.o
c:\gdbsources\misl1000basetfirmware\misl1000basetfirmware\visualgdb\debug\systick.o
c:\gdbsources\misl1000basetfirmware\misl1000basetfirmware\visualgdb\debug\timer.o
c:\gdbsources\misl1000basetfirmware\misl1000basetfirmware\visualgdb\debug\uart.o
c:\gdbsources\misl1000basetfirmware\misl1000basetfirmware\visualgdb\debug\uartstdio.o
c:\gdbsources\misl1000basetfirmware\misl1000basetfirmware\visualgdb\debug\udma.o
c:\gdbsources\misl1000basetfirmware\misl1000basetfirmware\visualgdb\debug\usb.o
c:\gdbsources\misl1000basetfirmware\misl1000basetfirmware\visualgdb\debug\watchdog.o
c:\gdbsources\misl1000basetfirmware\misl1000basetfirmware\visualgdb\debug\adc.dep
c:\gdbsources\misl1000basetfirmware\misl1000basetfirmware\visualgdb\debug\aes.dep
c:\gdbsources\misl1000basetfirmware\misl1000basetfirmware\visualgdb\debug\can.dep
c:\gdbsources\misl1000basetfirmware\misl1000basetfirmware\visualgdb\debug\comp.dep
c:\gdbsources\misl1000basetfirmware\misl1000basetfirmware\visualgdb\debug\cpu.dep
c:\gdbsources\misl1000basetfirmware\misl1000basetfirmware\visualgdb\debug\crc.dep
c:\gdbsources\misl1000basetfirmware\misl1000basetfirmware\visualgdb\debug\des.dep
c:\gdbsources\misl1000basetfirmware\misl1000basetfirmware\visualgdb\debug\eeprom.dep
c:\gdbsources\misl1000basetfirmware\misl1000basetfirmware\visualgdb\debug\emac.dep
c:\gdbsources\misl1000basetfirmware\misl1000basetfirmware\visualgdb\debug\epi.dep
c:\gdbsources\misl1000basetfirmware\misl1000basetfirmware\visualgdb\debug\flash.dep
c:\gdbsources\misl1000basetfirmware\misl1000basetfirmware\visualgdb\debug\fpu.dep
c:\gdbsources\misl1000basetfirmware\misl1000basetfirmware\visualgdb\debug\gpio.dep
c:\gdbsources\misl1000basetfirmware\misl1000basetfirmware\visualgdb\debug\hibernate.dep
c:\gdbsources\misl1000basetfirmware\misl1000basetfirmware\visualgdb\debug\i2c.dep
c:\gdbsources\misl1000basetfirmware\misl1000basetfirmware\visualgdb\debug\icommand.dep
c:\gdbsources\misl1000basetfirmware\misl1000basetfirmware\visualgdb\debug\interrupt.dep
c:\gdbsources\misl1000basetfirmware\misl1000basetfirmware\visualgdb\debug\lcd.dep
c:\gdbsources\misl1000basetfirmware\misl1000basetfirmware\visualgdb\debug\mpu.dep
c:\gdbsources\misl1000basetfirmware\misl1000basetfirmware\visualgdb\debug\pwm.dep
c:\gdbsources\misl1000basetfirmware\misl1000basetfirmware\visualgdb\debug\qei.dep
c:\gdbsources\misl1000basetfirmware\misl1000basetfirmware\visualgdb\debug\setport.dep
c:\gdbsources\misl1000basetfirmware\misl1000basetfirmware\visualgdb\debug\shamd5.dep
c:\gdbsources\misl1000basetfirmware\misl1000basetfirmware\visualgdb\debug\ssi.dep
c:\gdbsources\misl1000basetfirmware\misl1000basetfirmware\visualgdb\debug\sw_crc.dep
c:\gdbsources\misl1000basetfirmware\misl1000basetfirmware\visualgdb\debug\sysctl.dep
c:\gdbsources\misl1000basetfirmware\misl1000basetfirmware\visualgdb\debug\sysexc.dep
c:\gdbsources\misl1000basetfirmware\misl1000basetfirmware\visualgdb\debug\systeminit.dep
c:\gdbsources\misl1000basetfirmware\misl1000basetfirmware\visualgdb\debug\systick.dep
c:\gdbsources\misl1000basetfirmware\misl1000basetfirmware\visualgdb\debug\timer.dep
c:\gdbsources\misl1000basetfirmware\misl1000basetfirmware\visualgdb\debug\uart.dep
c:\gdbsources\misl1000basetfirmware\misl1000basetfirmware\visualgdb\debug\uartstdio.dep
c:\gdbsources\misl1000basetfirmware\misl1000basetfirmware\visualgdb\debug\udma.dep
c:\gdbsources\misl1000basetfirmware\misl1000basetfirmware\visualgdb\debug\usb.dep
c:\gdbsources\misl1000basetfirmware\misl1000basetfirmware\visualgdb\debug\watchdog.dep
c:\gdbsources\misl1000basetfirmware\misl1000basetfirmware\visualgdb\debug\adc.gcc.rsp
c:\gdbsources\misl1000basetfirmware\misl1000basetfirmware\visualgdb\debug\aes.gcc.rsp
c:\gdbsources\misl1000basetfirmware\misl1000basetfirmware\visualgdb\debug\blinkledtask.gcc.rsp
c:\gdbsources\misl1000basetfirmware\misl1000basetfirmware\visualgdb\debug\can.gcc.rsp
c:\gdbsources\misl1000basetfirmware\misl1000basetfirmware\visualgdb\debug\cliinterpretertask.gcc.rsp
c:\gdbsources\misl1000basetfirmware\misl1000basetfirmware\visualgdb\debug\comp.gcc.rsp
c:\gdbsources\misl1000basetfirmware\misl1000basetfirmware\visualgdb\debug\cpu.gcc.rsp
c:\gdbsources\misl1000basetfirmware\misl1000basetfirmware\visualgdb\debug\crc.gcc.rsp
c:\gdbsources\misl1000basetfirmware\misl1000basetfirmware\visualgdb\debug\croutine.gcc.rsp
c:\gdbsources\misl1000basetfirmware\misl1000basetfirmware\visualgdb\debug\des.gcc.rsp
c:\gdbsources\misl1000basetfirmware\misl1000basetfirmware\visualgdb\debug\eeprom.gcc.rsp
c:\gdbsources\misl1000basetfirmware\misl1000basetfirmware\visualgdb\debug\emac.gcc.rsp
c:\gdbsources\misl1000basetfirmware\misl1000basetfirmware\visualgdb\debug\epi.gcc.rsp
c:\gdbsources\misl1000basetfirmware\misl1000basetfirmware\visualgdb\debug\event_groups.gcc.rsp
c:\gdbsources\misl1000basetfirmware\misl1000basetfirmware\visualgdb\debug\exceptionhandler.gcc.rsp
c:\gdbsources\misl1000basetfirmware\misl1000basetfirmware\visualgdb\debug\flash.gcc.rsp
c:\gdbsources\misl1000basetfirmware\misl1000basetfirmware\visualgdb\debug\fpu.gcc.rsp
c:\gdbsources\misl1000basetfirmware\misl1000basetfirmware\visualgdb\debug\gpio.gcc.rsp
c:\gdbsources\misl1000basetfirmware\misl1000basetfirmware\visualgdb\debug\gpiopin.gcc.rsp
c:\gdbsources\misl1000basetfirmware\misl1000basetfirmware\visualgdb\debug\heap_2.gcc.rsp
c:\gdbsources\misl1000basetfirmware\misl1000basetfirmware\visualgdb\debug\helperfunctions.gcc.rsp
c:\gdbsources\misl1000basetfirmware\misl1000basetfirmware\visualgdb\debug\hibernate.gcc.rsp
c:\gdbsources\misl1000basetfirmware\misl1000basetfirmware\visualgdb\debug\i2c.gcc.rsp
c:\gdbsources\misl1000basetfirmware\misl1000basetfirmware\visualgdb\debug\icommand.gcc.rsp
c:\gdbsources\misl1000basetfirmware\misl1000basetfirmware\visualgdb\debug\interrupt.gcc.rsp
c:\gdbsources\misl1000basetfirmware\misl1000basetfirmware\visualgdb\debug\itask.gcc.rsp
c:\gdbsources\misl1000basetfirmware\misl1000basetfirmware\visualgdb\debug\lcd.gcc.rsp
c:\gdbsources\misl1000basetfirmware\misl1000basetfirmware\visualgdb\debug\list.gcc.rsp
c:\gdbsources\misl1000basetfirmware\misl1000basetfirmware\visualgdb\debug\main.gcc.rsp
c:\gdbsources\misl1000basetfirmware\misl1000basetfirmware\visualgdb\debug\mpu.gcc.rsp
c:\gdbsources\misl1000basetfirmware\misl1000basetfirmware\visualgdb\debug\port.gcc.rsp
c:\gdbsources\misl1000basetfirmware\misl1000basetfirmware\visualgdb\debug\pwm.gcc.rsp
c:\gdbsources\misl1000basetfirmware\misl1000basetfirmware\visualgdb\debug\qei.gcc.rsp
c:\gdbsources\misl1000basetfirmware\misl1000basetfirmware\visualgdb\debug\queue.gcc.rsp
c:\gdbsources\misl1000basetfirmware\misl1000basetfirmware\visualgdb\debug\rtosmutex.gcc.rsp
c:\gdbsources\misl1000basetfirmware\misl1000basetfirmware\visualgdb\debug\setport.gcc.rsp
c:\gdbsources\misl1000basetfirmware\misl1000basetfirmware\visualgdb\debug\shamd5.gcc.rsp
c:\gdbsources\misl1000basetfirmware\misl1000basetfirmware\visualgdb\debug\ssi.gcc.rsp
c:\gdbsources\misl1000basetfirmware\misl1000basetfirmware\visualgdb\debug\startup_gcc.gcc.rsp
c:\gdbsources\misl1000basetfirmware\misl1000basetfirmware\visualgdb\debug\sw_crc.gcc.rsp
c:\gdbsources\misl1000basetfirmware\misl1000basetfirmware\visualgdb\debug\sysctl.gcc.rsp
c:\gdbsources\misl1000basetfirmware\misl1000basetfirmware\visualgdb\debug\sysexc.gcc.rsp
c:\gdbsources\misl1000basetfirmware\misl1000basetfirmware\visualgdb\debug\systeminit.gcc.rsp
c:\gdbsources\misl1000basetfirmware\misl1000basetfirmware\visualgdb\debug\systick.gcc.rsp
c:\gdbsources\misl1000basetfirmware\misl1000basetfirmware\visualgdb\debug\tasks.gcc.rsp
c:\gdbsources\misl1000basetfirmware\misl1000basetfirmware\visualgdb\debug\timer.gcc.rsp
c:\gdbsources\misl1000basetfirmware\misl1000basetfirmware\visualgdb\debug\timers.gcc.rsp
c:\gdbsources\misl1000basetfirmware\misl1000basetfirmware\visualgdb\debug\uart.gcc.rsp
c:\gdbsources\misl1000basetfirmware\misl1000basetfirmware\visualgdb\debug\uartstdio.gcc.rsp
c:\gdbsources\misl1000basetfirmware\misl1000basetfirmware\visualgdb\debug\udma.gcc.rsp
c:\gdbsources\misl1000basetfirmware\misl1000basetfirmware\visualgdb\debug\uiostream.gcc.rsp
c:\gdbsources\misl1000basetfirmware\misl1000basetfirmware\visualgdb\debug\usb.gcc.rsp
c:\gdbsources\misl1000basetfirmware\misl1000basetfirmware\visualgdb\debug\watchdog.gcc.rsp
c:\gdbsources\misl1000basetfirmware\misl1000basetfirmware\visualgdb\debug\misl1000basetfirmware.alldeps
